<?xml version="1.0" encoding="UTF-8"?>
<!-- Generated by org.testng.reporters.JUnitReportReporter -->
<testsuite hostname="DESKTOP-HUSGMPO" failures="0" tests="1" name="tests.testngTests.LoginTest" time="49.879" errors="0" timestamp="2022-12-22T16:59:19 IST" skipped="0">
  <testcase classname="tests.testngTests.LoginTest" name="LoginVerification" time="49.879"/>
  <system-out/>
</testsuite> <!-- tests.testngTests.LoginTest -->
